TN:
SF:src/index.ts
FN:7,(anonymous_9)
FN:11,(anonymous_10)
FN:13,(anonymous_11)
FN:15,(anonymous_12)
FN:18,(anonymous_13)
FN:22,(anonymous_14)
FN:29,(anonymous_15)
FN:30,(anonymous_16)
FN:31,(anonymous_17)
FN:32,(anonymous_18)
FN:40,(anonymous_19)
FN:52,(anonymous_20)
FN:59,(anonymous_21)
FN:64,(anonymous_22)
FN:70,(anonymous_23)
FN:71,(anonymous_24)
FN:72,(anonymous_25)
FN:73,(anonymous_26)
FN:74,(anonymous_27)
FN:75,(anonymous_28)
FN:76,(anonymous_29)
FN:77,(anonymous_30)
FN:81,(anonymous_31)
FN:81,(anonymous_32)
FNF:24
FNH:0
FNDA:0,(anonymous_9)
FNDA:0,(anonymous_10)
FNDA:0,(anonymous_11)
FNDA:0,(anonymous_12)
FNDA:0,(anonymous_13)
FNDA:0,(anonymous_14)
FNDA:0,(anonymous_15)
FNDA:0,(anonymous_16)
FNDA:0,(anonymous_17)
FNDA:0,(anonymous_18)
FNDA:0,(anonymous_19)
FNDA:0,(anonymous_20)
FNDA:0,(anonymous_21)
FNDA:0,(anonymous_22)
FNDA:0,(anonymous_23)
FNDA:0,(anonymous_24)
FNDA:0,(anonymous_25)
FNDA:0,(anonymous_26)
FNDA:0,(anonymous_27)
FNDA:0,(anonymous_28)
FNDA:0,(anonymous_29)
FNDA:0,(anonymous_30)
FNDA:0,(anonymous_31)
FNDA:0,(anonymous_32)
DA:7,0
DA:11,0
DA:13,0
DA:15,0
DA:18,0
DA:22,0
DA:25,0
DA:29,0
DA:30,0
DA:31,0
DA:32,0
DA:40,0
DA:52,0
DA:59,0
DA:64,0
DA:69,0
DA:70,0
DA:71,0
DA:72,0
DA:73,0
DA:74,0
DA:75,0
DA:76,0
DA:77,0
DA:81,0
DA:84,0
LF:26
LH:0
BRF:0
BRH:0
end_of_record
TN:
SF:src/client/client.ts
FN:54,(anonymous_1)
FN:74,(anonymous_2)
FN:77,(anonymous_3)
FN:79,(anonymous_4)
FN:85,(anonymous_5)
FN:90,(anonymous_6)
FN:91,(anonymous_7)
FN:97,(anonymous_8)
FN:105,(anonymous_9)
FN:111,(anonymous_10)
FN:112,(anonymous_11)
FN:121,(anonymous_12)
FN:127,(anonymous_13)
FN:141,(anonymous_14)
FN:149,(anonymous_15)
FN:175,(anonymous_16)
FN:190,(anonymous_17)
FN:204,(anonymous_18)
FN:236,(anonymous_19)
FN:277,(anonymous_20)
FN:284,(anonymous_21)
FN:299,(anonymous_22)
FN:312,(anonymous_23)
FN:321,(anonymous_24)
FN:340,(anonymous_25)
FN:349,(anonymous_26)
FN:364,(anonymous_27)
FN:379,(anonymous_28)
FN:416,(anonymous_29)
FN:454,(anonymous_30)
FN:462,(anonymous_31)
FN:499,(anonymous_32)
FN:552,(anonymous_33)
FN:578,(anonymous_34)
FN:579,(anonymous_35)
FN:582,(anonymous_36)
FN:590,(anonymous_37)
FN:605,(anonymous_38)
FN:628,(anonymous_39)
FN:650,(anonymous_40)
FN:662,(anonymous_41)
FN:669,(anonymous_42)
FNF:42
FNH:20
FNDA:43,(anonymous_1)
FNDA:43,(anonymous_2)
FNDA:0,(anonymous_3)
FNDA:0,(anonymous_4)
FNDA:2,(anonymous_5)
FNDA:0,(anonymous_6)
FNDA:0,(anonymous_7)
FNDA:2,(anonymous_8)
FNDA:4,(anonymous_9)
FNDA:4,(anonymous_10)
FNDA:0,(anonymous_11)
FNDA:4,(anonymous_12)
FNDA:0,(anonymous_13)
FNDA:1,(anonymous_14)
FNDA:0,(anonymous_15)
FNDA:0,(anonymous_16)
FNDA:0,(anonymous_17)
FNDA:0,(anonymous_18)
FNDA:0,(anonymous_19)
FNDA:2,(anonymous_20)
FNDA:1,(anonymous_21)
FNDA:5,(anonymous_22)
FNDA:0,(anonymous_23)
FNDA:5,(anonymous_24)
FNDA:0,(anonymous_25)
FNDA:3,(anonymous_26)
FNDA:2,(anonymous_27)
FNDA:0,(anonymous_28)
FNDA:0,(anonymous_29)
FNDA:0,(anonymous_30)
FNDA:0,(anonymous_31)
FNDA:0,(anonymous_32)
FNDA:0,(anonymous_33)
FNDA:1,(anonymous_34)
FNDA:1,(anonymous_35)
FNDA:0,(anonymous_36)
FNDA:0,(anonymous_37)
FNDA:10,(anonymous_38)
FNDA:0,(anonymous_39)
FNDA:46,(anonymous_40)
FNDA:3,(anonymous_41)
FNDA:3,(anonymous_42)
DA:6,3
DA:7,3
DA:8,3
DA:9,3
DA:11,3
DA:26,3
DA:45,3
DA:49,43
DA:50,43
DA:51,43
DA:52,43
DA:55,43
DA:56,43
DA:59,43
DA:60,0
DA:61,0
DA:63,43
DA:64,43
DA:67,43
DA:68,43
DA:75,43
DA:77,43
DA:78,0
DA:79,0
DA:80,0
DA:81,0
DA:85,43
DA:86,2
DA:87,2
DA:90,43
DA:91,0
DA:92,0
DA:93,0
DA:97,43
DA:98,2
DA:106,4
DA:107,4
DA:111,4
DA:112,4
DA:113,0
DA:114,0
DA:115,0
DA:119,4
DA:121,4
DA:122,4
DA:123,4
DA:124,4
DA:127,4
DA:128,0
DA:129,0
DA:130,0
DA:133,4
DA:134,4
DA:142,1
DA:143,1
DA:151,0
DA:154,0
DA:155,0
DA:158,0
DA:159,0
DA:163,0
DA:166,0
DA:169,0
DA:176,0
DA:182,0
DA:183,0
DA:184,0
DA:191,0
DA:192,0
DA:194,0
DA:196,0
DA:197,0
DA:205,0
DA:206,0
DA:209,0
DA:210,0
DA:211,0
DA:213,0
DA:217,0
DA:218,0
DA:220,0
DA:221,0
DA:223,0
DA:224,0
DA:227,0
DA:229,0
DA:237,0
DA:238,0
DA:240,0
DA:241,0
DA:243,0
DA:261,0
DA:264,0
DA:265,0
DA:266,0
DA:267,0
DA:271,0
DA:278,2
DA:285,1
DA:286,1
DA:288,1
DA:291,1
DA:293,0
DA:300,5
DA:302,5
DA:303,5
DA:306,5
DA:313,0
DA:314,0
DA:322,5
DA:324,5
DA:325,5
DA:328,5
DA:333,5
DA:334,5
DA:341,0
DA:342,0
DA:350,3
DA:352,3
DA:357,3
DA:358,3
DA:365,2
DA:367,2
DA:372,2
DA:373,2
DA:383,0
DA:385,0
DA:389,0
DA:390,0
DA:391,0
DA:394,0
DA:395,0
DA:396,0
DA:399,0
DA:400,0
DA:401,0
DA:404,0
DA:405,0
DA:406,0
DA:409,0
DA:410,0
DA:417,0
DA:419,0
DA:420,0
DA:429,0
DA:430,0
DA:439,0
DA:440,0
DA:443,0
DA:444,0
DA:447,0
DA:455,0
DA:456,0
DA:463,0
DA:465,0
DA:467,0
DA:468,0
DA:470,0
DA:471,0
DA:473,0
DA:474,0
DA:476,0
DA:477,0
DA:479,0
DA:480,0
DA:482,0
DA:483,0
DA:485,0
DA:486,0
DA:489,0
DA:490,0
DA:491,0
DA:492,0
DA:500,0
DA:502,0
DA:504,0
DA:505,0
DA:506,0
DA:508,0
DA:509,0
DA:510,0
DA:512,0
DA:513,0
DA:514,0
DA:516,0
DA:517,0
DA:518,0
DA:520,0
DA:521,0
DA:522,0
DA:524,0
DA:525,0
DA:526,0
DA:528,0
DA:529,0
DA:530,0
DA:533,0
DA:534,0
DA:537,0
DA:538,0
DA:539,0
DA:541,0
DA:545,0
DA:553,0
DA:555,0
DA:561,0
DA:564,0
DA:565,0
DA:566,0
DA:568,0
DA:572,0
DA:579,1
DA:580,1
DA:582,1
DA:583,0
DA:584,0
DA:588,1
DA:590,1
DA:591,0
DA:592,0
DA:593,0
DA:594,0
DA:598,1
DA:606,10
DA:608,10
DA:609,10
DA:611,10
DA:612,0
DA:613,0
DA:616,10
DA:617,10
DA:618,10
DA:620,0
DA:621,0
DA:629,0
DA:631,0
DA:632,0
DA:634,0
DA:635,0
DA:636,0
DA:639,0
DA:640,0
DA:642,0
DA:643,0
DA:651,46
DA:652,46
DA:653,46
DA:654,46
DA:655,46
DA:656,46
DA:663,3
DA:670,3
LF:252
LH:84
BRDA:59,0,0,0
BRDA:59,0,1,43
BRDA:68,1,0,43
BRDA:68,1,1,9
BRDA:86,2,0,2
BRDA:86,2,1,1
BRDA:93,3,0,0
BRDA:93,3,1,0
BRDA:158,4,0,0
BRDA:177,5,0,0
BRDA:177,5,1,0
BRDA:194,6,0,0
BRDA:194,6,1,0
BRDA:194,7,0,0
BRDA:194,7,1,0
BRDA:196,8,0,0
BRDA:205,9,0,0
BRDA:223,10,0,0
BRDA:244,11,0,0
BRDA:244,11,1,0
BRDA:245,12,0,0
BRDA:245,12,1,0
BRDA:246,13,0,0
BRDA:246,13,1,0
BRDA:247,14,0,0
BRDA:247,14,1,0
BRDA:248,15,0,0
BRDA:248,15,1,0
BRDA:249,16,0,0
BRDA:249,16,1,0
BRDA:250,17,0,0
BRDA:250,17,1,0
BRDA:264,18,0,0
BRDA:266,19,0,0
BRDA:302,20,0,5
BRDA:313,21,0,0
BRDA:321,22,0,0
BRDA:324,23,0,5
BRDA:341,24,0,0
BRDA:389,25,0,0
BRDA:394,26,0,0
BRDA:399,27,0,0
BRDA:404,28,0,0
BRDA:417,29,0,0
BRDA:417,29,1,0
BRDA:417,29,2,0
BRDA:417,29,3,0
BRDA:417,29,4,0
BRDA:417,29,5,0
BRDA:417,29,6,0
BRDA:417,29,7,0
BRDA:417,29,8,0
BRDA:417,29,9,0
BRDA:417,29,10,0
BRDA:417,29,11,0
BRDA:417,29,12,0
BRDA:417,29,13,0
BRDA:417,29,14,0
BRDA:417,29,15,0
BRDA:417,29,16,0
BRDA:465,30,0,0
BRDA:465,30,1,0
BRDA:465,30,2,0
BRDA:465,30,3,0
BRDA:465,30,4,0
BRDA:465,30,5,0
BRDA:465,30,6,0
BRDA:489,31,0,0
BRDA:489,32,0,0
BRDA:489,32,1,0
BRDA:502,33,0,0
BRDA:502,33,1,0
BRDA:502,33,2,0
BRDA:502,33,3,0
BRDA:502,33,4,0
BRDA:502,33,5,0
BRDA:502,33,6,0
BRDA:533,34,0,0
BRDA:556,35,0,0
BRDA:556,35,1,0
BRDA:557,36,0,0
BRDA:557,36,1,0
BRDA:558,37,0,0
BRDA:558,37,1,0
BRDA:591,38,0,0
BRDA:611,39,0,0
BRDA:611,40,0,10
BRDA:611,40,1,10
BRDA:634,41,0,0
BRDA:634,42,0,0
BRDA:634,42,1,0
BRF:91
BRH:9
end_of_record
TN:
SF:src/connection/connection.ts
FN:50,(anonymous_1)
FN:71,(anonymous_2)
FN:72,(anonymous_3)
FN:73,(anonymous_4)
FN:74,(anonymous_5)
FN:84,(anonymous_6)
FN:98,(anonymous_7)
FN:105,(anonymous_8)
FN:120,(anonymous_9)
FN:121,(anonymous_10)
FN:125,(anonymous_11)
FN:131,(anonymous_12)
FN:142,(anonymous_13)
FN:155,(anonymous_14)
FN:158,(anonymous_15)
FN:173,(anonymous_16)
FN:178,(anonymous_17)
FN:183,(anonymous_18)
FN:192,(anonymous_19)
FN:217,(anonymous_20)
FN:230,(anonymous_21)
FN:261,(anonymous_22)
FN:274,(anonymous_23)
FN:291,(anonymous_24)
FN:297,(anonymous_25)
FN:315,(anonymous_26)
FN:329,(anonymous_27)
FN:336,(anonymous_28)
FN:345,(anonymous_29)
FN:365,(anonymous_30)
FN:368,(anonymous_31)
FN:378,(anonymous_32)
FN:386,(anonymous_33)
FN:397,(anonymous_34)
FN:407,(anonymous_35)
FN:427,(anonymous_36)
FN:440,(anonymous_37)
FN:450,(anonymous_38)
FN:457,(anonymous_39)
FN:464,(anonymous_40)
FN:471,(anonymous_41)
FN:478,(anonymous_42)
FN:485,(anonymous_43)
FNF:43
FNH:37
FNDA:69,(anonymous_1)
FNDA:39,(anonymous_2)
FNDA:28,(anonymous_3)
FNDA:40,(anonymous_4)
FNDA:28,(anonymous_5)
FNDA:41,(anonymous_6)
FNDA:39,(anonymous_7)
FNDA:0,(anonymous_8)
FNDA:39,(anonymous_9)
FNDA:39,(anonymous_10)
FNDA:1,(anonymous_11)
FNDA:38,(anonymous_12)
FNDA:2,(anonymous_13)
FNDA:38,(anonymous_14)
FNDA:8,(anonymous_15)
FNDA:2,(anonymous_16)
FNDA:3,(anonymous_17)
FNDA:1,(anonymous_18)
FNDA:8,(anonymous_19)
FNDA:12,(anonymous_20)
FNDA:8,(anonymous_21)
FNDA:14,(anonymous_22)
FNDA:4,(anonymous_23)
FNDA:4,(anonymous_24)
FNDA:0,(anonymous_25)
FNDA:11,(anonymous_26)
FNDA:1,(anonymous_27)
FNDA:38,(anonymous_28)
FNDA:0,(anonymous_29)
FNDA:0,(anonymous_30)
FNDA:0,(anonymous_31)
FNDA:0,(anonymous_32)
FNDA:169,(anonymous_33)
FNDA:177,(anonymous_34)
FNDA:129,(anonymous_35)
FNDA:59,(anonymous_36)
FNDA:72,(anonymous_37)
FNDA:6,(anonymous_38)
FNDA:28,(anonymous_39)
FNDA:2,(anonymous_40)
FNDA:1,(anonymous_41)
FNDA:1,(anonymous_42)
FNDA:1,(anonymous_43)
DA:6,4
DA:7,4
DA:8,4
DA:9,4
DA:10,4
DA:11,4
DA:20,4
DA:30,4
DA:31,69
DA:33,69
DA:45,69
DA:46,69
DA:47,69
DA:48,69
DA:51,69
DA:53,69
DA:70,69
DA:71,39
DA:72,28
DA:73,40
DA:74,28
DA:77,69
DA:78,69
DA:85,41
DA:86,1
DA:89,40
DA:90,1
DA:91,1
DA:94,39
DA:96,39
DA:97,39
DA:99,39
DA:106,0
DA:111,1
DA:112,1
DA:113,1
DA:121,39
DA:122,39
DA:124,39
DA:125,39
DA:126,1
DA:127,1
DA:129,39
DA:131,39
DA:132,38
DA:133,38
DA:134,38
DA:135,38
DA:136,38
DA:137,38
DA:138,38
DA:139,38
DA:142,39
DA:143,2
DA:144,2
DA:145,2
DA:148,39
DA:156,38
DA:158,38
DA:159,8
DA:160,8
DA:161,8
DA:162,8
DA:163,8
DA:166,0
DA:167,0
DA:168,0
DA:169,0
DA:173,38
DA:174,2
DA:175,2
DA:178,38
DA:179,3
DA:180,3
DA:183,38
DA:184,1
DA:185,1
DA:194,8
DA:195,0
DA:196,0
DA:199,8
DA:200,0
DA:201,0
DA:205,8
DA:206,8
DA:207,8
DA:211,0
DA:218,12
DA:219,1
DA:222,11
DA:223,11
DA:224,11
DA:231,8
DA:233,8
DA:235,8
DA:236,8
DA:238,0
DA:242,8
DA:245,8
DA:246,8
DA:249,8
DA:250,4
DA:251,4
DA:255,8
DA:262,14
DA:263,14
DA:264,14
DA:265,14
DA:268,14
DA:275,4
DA:276,4
DA:277,4
DA:279,4
DA:280,4
DA:283,4
DA:284,4
DA:292,4
DA:294,4
DA:295,4
DA:297,4
DA:298,0
DA:300,0
DA:301,0
DA:302,0
DA:303,0
DA:305,0
DA:306,0
DA:307,0
DA:316,11
DA:317,11
DA:319,11
DA:321,1
DA:322,1
DA:330,1
DA:338,38
DA:339,7
DA:340,7
DA:343,31
DA:345,31
DA:346,0
DA:347,0
DA:348,0
DA:351,0
DA:352,0
DA:353,0
DA:354,0
DA:356,0
DA:357,0
DA:366,0
DA:368,0
DA:369,0
DA:370,0
DA:372,0
DA:379,0
DA:380,0
DA:387,169
DA:388,31
DA:389,31
DA:391,169
DA:398,177
DA:399,0
DA:400,0
DA:408,129
DA:410,129
DA:411,4
DA:412,4
DA:415,129
DA:416,38
DA:417,38
DA:418,38
DA:421,129
DA:428,59
DA:429,59
DA:431,59
DA:432,58
DA:433,58
DA:441,72
DA:442,72
DA:443,72
DA:444,72
DA:451,6
DA:458,28
DA:465,2
DA:472,1
DA:479,1
DA:486,1
LF:186
LH:149
BRDA:55,0,0,69
BRDA:55,0,1,6
BRDA:56,1,0,69
BRDA:56,1,1,6
BRDA:57,2,0,69
BRDA:57,2,1,69
BRDA:59,3,0,69
BRDA:59,3,1,67
BRDA:60,4,0,69
BRDA:60,4,1,65
BRDA:61,5,0,69
BRDA:61,5,1,68
BRDA:62,6,0,69
BRDA:62,6,1,68
BRDA:63,7,0,69
BRDA:63,7,1,69
BRDA:64,8,0,69
BRDA:64,8,1,69
BRDA:70,9,0,69
BRDA:70,9,1,61
BRDA:85,10,0,1
BRDA:89,11,0,1
BRDA:102,12,0,37
BRDA:102,12,1,2
BRDA:111,13,0,1
BRDA:111,13,1,0
BRDA:129,14,0,38
BRDA:156,15,0,0
BRDA:166,16,0,0
BRDA:166,16,1,0
BRDA:194,17,0,0
BRDA:199,18,0,0
BRDA:205,19,0,8
BRDA:218,20,0,1
BRDA:218,21,0,12
BRDA:218,21,1,11
BRDA:249,22,0,4
BRDA:279,23,0,4
BRDA:283,24,0,4
BRDA:283,25,0,4
BRDA:283,25,1,4
BRDA:283,25,2,4
BRDA:292,26,0,0
BRDA:292,27,0,4
BRDA:292,27,1,4
BRDA:298,28,0,0
BRDA:317,29,0,9
BRDA:317,29,1,2
BRDA:319,30,0,1
BRDA:319,31,0,11
BRDA:319,31,1,9
BRDA:338,32,0,7
BRDA:346,33,0,0
BRDA:372,34,0,0
BRDA:387,35,0,31
BRDA:398,36,0,0
BRDA:410,37,0,4
BRDA:415,38,0,38
BRDA:431,39,0,58
BRF:59
BRH:48
end_of_record
TN:
SF:src/connection/encrypted-connection.ts
FN:53,(anonymous_1)
FN:83,(anonymous_2)
FN:95,(anonymous_3)
FN:102,(anonymous_4)
FN:109,(anonymous_5)
FN:113,(anonymous_6)
FN:117,(anonymous_7)
FN:121,(anonymous_8)
FN:125,(anonymous_9)
FN:129,(anonymous_10)
FN:133,(anonymous_11)
FN:137,(anonymous_12)
FN:144,(anonymous_13)
FN:151,(anonymous_14)
FNF:14
FNH:12
FNDA:9,(anonymous_1)
FNDA:1,(anonymous_2)
FNDA:1,(anonymous_3)
FNDA:0,(anonymous_4)
FNDA:4,(anonymous_5)
FNDA:2,(anonymous_6)
FNDA:2,(anonymous_7)
FNDA:0,(anonymous_8)
FNDA:1,(anonymous_9)
FNDA:1,(anonymous_10)
FNDA:1,(anonymous_11)
FNDA:9,(anonymous_12)
FNDA:10,(anonymous_13)
FNDA:4,(anonymous_14)
DA:2,4
DA:4,4
DA:5,4
DA:7,4
DA:40,4
DA:41,9
DA:44,9
DA:51,9
DA:54,9
DA:55,9
DA:71,9
DA:72,9
DA:73,9
DA:80,9
DA:84,1
DA:85,1
DA:87,0
DA:88,0
DA:90,0
DA:92,0
DA:96,1
DA:97,1
DA:98,1
DA:99,1
DA:103,0
DA:104,0
DA:110,4
DA:114,2
DA:118,2
DA:122,0
DA:126,1
DA:130,1
DA:134,1
DA:138,9
DA:139,9
DA:140,9
DA:141,9
DA:145,10
DA:146,0
DA:147,0
DA:152,4
DA:153,4
DA:154,4
DA:155,3
LF:44
LH:35
BRDA:57,0,0,9
BRDA:57,0,1,1
BRDA:58,1,0,9
BRDA:58,1,1,1
BRDA:59,2,0,9
BRDA:59,2,1,9
BRDA:61,3,0,9
BRDA:61,3,1,9
BRDA:62,4,0,9
BRDA:62,4,1,8
BRDA:63,5,0,9
BRDA:63,5,1,9
BRDA:64,6,0,9
BRDA:64,6,1,9
BRDA:65,7,0,9
BRDA:65,7,1,0
BRDA:66,8,0,9
BRDA:66,8,1,9
BRDA:71,9,0,9
BRDA:84,10,0,1
BRDA:87,11,0,0
BRDA:103,12,0,0
BRDA:103,13,0,0
BRDA:103,13,1,0
BRDA:145,14,0,0
BRDA:154,15,0,3
BRF:26
BRH:20
end_of_record
TN:
SF:src/connection/noise-encryption.ts
FN:21,loadNoise
FN:27,(anonymous_2)
FN:28,(anonymous_3)
FN:47,(anonymous_4)
FN:59,(anonymous_5)
FN:96,(anonymous_6)
FN:123,(anonymous_7)
FN:152,(anonymous_8)
FN:171,(anonymous_9)
FN:190,(anonymous_10)
FN:197,(anonymous_11)
FN:204,(anonymous_12)
FN:236,(anonymous_13)
FNF:13
FNH:9
FNDA:9,loadNoise
FNDA:1,(anonymous_2)
FNDA:1,(anonymous_3)
FNDA:18,(anonymous_4)
FNDA:10,(anonymous_5)
FNDA:3,(anonymous_6)
FNDA:0,(anonymous_7)
FNDA:1,(anonymous_8)
FNDA:1,(anonymous_9)
FNDA:0,(anonymous_10)
FNDA:6,(anonymous_11)
FNDA:0,(anonymous_12)
FNDA:0,(anonymous_13)
DA:7,5
DA:9,5
DA:12,5
DA:15,5
DA:16,5
DA:22,9
DA:23,8
DA:26,1
DA:27,1
DA:28,1
DA:29,1
DA:30,1
DA:31,1
DA:36,1
DA:39,5
DA:41,18
DA:42,18
DA:43,18
DA:44,18
DA:45,18
DA:49,18
DA:50,18
DA:51,4
DA:53,14
DA:60,10
DA:61,1
DA:62,1
DA:65,9
DA:67,9
DA:69,9
DA:76,9
DA:78,9
DA:85,9
DA:86,9
DA:88,0
DA:89,0
DA:97,3
DA:104,3
DA:105,1
DA:108,2
DA:110,2
DA:111,2
DA:112,2
DA:113,2
DA:115,0
DA:116,0
DA:124,0
DA:125,0
DA:128,0
DA:130,0
DA:133,0
DA:134,0
DA:135,0
DA:136,0
DA:140,0
DA:142,0
DA:144,0
DA:145,0
DA:153,1
DA:154,1
DA:157,0
DA:158,0
DA:162,0
DA:164,0
DA:172,1
DA:173,1
DA:176,0
DA:177,0
DA:181,0
DA:183,0
DA:191,0
DA:198,6
DA:205,0
DA:206,0
DA:207,0
DA:211,0
DA:213,0
DA:214,0
DA:215,0
DA:219,0
DA:221,0
DA:222,0
DA:223,0
DA:227,0
DA:229,0
DA:230,0
DA:237,0
LF:87
LH:47
BRDA:22,0,0,8
BRDA:26,1,0,1
BRDA:50,2,0,4
BRDA:60,3,0,1
BRDA:101,4,0,2
BRDA:101,4,1,1
BRDA:104,5,0,1
BRDA:104,6,0,3
BRDA:104,6,1,2
BRDA:124,7,0,0
BRDA:124,8,0,0
BRDA:124,8,1,0
BRDA:153,9,0,1
BRDA:153,10,0,1
BRDA:153,10,1,0
BRDA:172,11,0,1
BRDA:172,12,0,1
BRDA:172,12,1,0
BRDA:205,13,0,0
BRDA:213,14,0,0
BRDA:221,15,0,0
BRF:21
BRH:13
end_of_record
TN:
SF:src/discovery/discovery.ts
FN:24,(anonymous_1)
FN:33,(anonymous_2)
FN:46,(anonymous_3)
FN:50,(anonymous_4)
FN:56,(anonymous_5)
FN:66,(anonymous_6)
FN:83,(anonymous_7)
FN:101,(anonymous_8)
FN:117,(anonymous_9)
FN:123,(anonymous_10)
FN:153,(anonymous_11)
FN:160,(anonymous_12)
FN:167,(anonymous_13)
FN:179,discoverDevices
FN:180,(anonymous_15)
FN:184,(anonymous_16)
FN:188,(anonymous_17)
FN:194,(anonymous_18)
FNF:18
FNH:18
FNDA:17,(anonymous_1)
FNDA:17,(anonymous_2)
FNDA:12,(anonymous_3)
FNDA:1,(anonymous_4)
FNDA:3,(anonymous_5)
FNDA:23,(anonymous_6)
FNDA:12,(anonymous_7)
FNDA:1,(anonymous_8)
FNDA:13,(anonymous_9)
FNDA:11,(anonymous_10)
FNDA:6,(anonymous_11)
FNDA:19,(anonymous_12)
FNDA:18,(anonymous_13)
FNDA:2,discoverDevices
FNDA:2,(anonymous_15)
FNDA:1,(anonymous_16)
FNDA:1,(anonymous_17)
FNDA:2,(anonymous_18)
DA:6,2
DA:7,2
DA:8,2
DA:11,2
DA:18,2
DA:21,17
DA:22,17
DA:25,17
DA:26,17
DA:27,17
DA:34,17
DA:35,1
DA:36,1
DA:39,16
DA:40,16
DA:41,16
DA:44,16
DA:46,16
DA:47,12
DA:50,16
DA:51,1
DA:55,16
DA:56,3
DA:57,3
DA:59,3
DA:67,23
DA:68,7
DA:71,16
DA:72,16
DA:74,16
DA:75,16
DA:76,16
DA:84,12
DA:85,12
DA:86,10
DA:87,9
DA:88,9
DA:89,9
DA:90,9
DA:93,2
DA:94,2
DA:102,1
DA:103,1
DA:104,1
DA:105,1
DA:106,1
DA:107,1
DA:110,0
DA:118,13
DA:119,1
DA:123,11
DA:125,10
DA:126,0
DA:129,10
DA:136,10
DA:137,10
DA:138,10
DA:139,2
DA:141,10
DA:142,2
DA:147,10
DA:154,6
DA:161,19
DA:168,18
DA:169,18
DA:170,18
DA:171,18
DA:172,18
DA:179,2
DA:180,2
DA:181,2
DA:182,2
DA:184,2
DA:185,1
DA:188,2
DA:189,1
DA:192,2
DA:194,2
DA:195,2
DA:196,2
DA:198,2
LF:81
LH:79
BRDA:34,0,0,1
BRDA:55,1,0,3
BRDA:55,2,0,16
BRDA:55,2,1,3
BRDA:67,3,0,7
BRDA:74,4,0,16
BRDA:86,5,0,9
BRDA:94,6,0,2
BRDA:94,6,1,0
BRDA:104,7,0,1
BRDA:118,8,0,1
BRDA:118,9,0,13
BRDA:118,9,1,11
BRDA:123,10,0,10
BRDA:123,10,1,0
BRDA:125,11,0,0
BRDA:132,12,0,10
BRDA:132,12,1,0
BRDA:136,13,0,10
BRDA:137,14,0,10
BRDA:138,15,0,2
BRDA:141,16,0,2
BRDA:179,17,0,0
BRF:23
BRH:18
end_of_record
TN:
SF:src/types/index.ts
FN:67,(anonymous_0)
FN:86,(anonymous_1)
FN:138,(anonymous_2)
FN:170,(anonymous_3)
FN:295,(anonymous_4)
FN:305,(anonymous_5)
FN:312,(anonymous_6)
FN:319,(anonymous_7)
FNF:8
FNH:7
FNDA:6,(anonymous_0)
FNDA:6,(anonymous_1)
FNDA:6,(anonymous_2)
FNDA:6,(anonymous_3)
FNDA:7,(anonymous_4)
FNDA:6,(anonymous_5)
FNDA:0,(anonymous_6)
FNDA:1,(anonymous_7)
DA:67,6
DA:68,6
DA:69,6
DA:70,6
DA:86,6
DA:87,6
DA:88,6
DA:89,6
DA:90,6
DA:138,6
DA:139,6
DA:140,6
DA:141,6
DA:142,6
DA:143,6
DA:144,6
DA:145,6
DA:146,6
DA:170,6
DA:171,6
DA:172,6
DA:173,6
DA:174,6
DA:175,6
DA:176,6
DA:178,6
DA:180,6
DA:181,6
DA:182,6
DA:183,6
DA:184,6
DA:185,6
DA:186,6
DA:187,6
DA:188,6
DA:189,6
DA:190,6
DA:191,6
DA:192,6
DA:193,6
DA:194,6
DA:195,6
DA:196,6
DA:197,6
DA:198,6
DA:199,6
DA:200,6
DA:201,6
DA:202,6
DA:203,6
DA:204,6
DA:205,6
DA:206,6
DA:207,6
DA:208,6
DA:209,6
DA:210,6
DA:211,6
DA:212,6
DA:213,6
DA:214,6
DA:215,6
DA:216,6
DA:217,6
DA:218,6
DA:219,6
DA:220,6
DA:221,6
DA:222,6
DA:223,6
DA:224,6
DA:225,6
DA:226,6
DA:227,6
DA:228,6
DA:229,6
DA:230,6
DA:231,6
DA:232,6
DA:233,6
DA:234,6
DA:235,6
DA:236,6
DA:237,6
DA:238,6
DA:239,6
DA:240,6
DA:241,6
DA:242,6
DA:243,6
DA:244,6
DA:245,6
DA:246,6
DA:247,6
DA:248,6
DA:249,6
DA:250,6
DA:251,6
DA:252,6
DA:253,6
DA:254,6
DA:255,6
DA:256,6
DA:257,6
DA:258,6
DA:259,6
DA:260,6
DA:261,6
DA:262,6
DA:263,6
DA:264,6
DA:265,6
DA:266,6
DA:267,6
DA:268,6
DA:269,6
DA:270,6
DA:271,6
DA:272,6
DA:273,6
DA:274,6
DA:275,6
DA:276,6
DA:277,6
DA:278,6
DA:279,6
DA:280,6
DA:281,6
DA:282,6
DA:283,6
DA:284,6
DA:285,6
DA:286,6
DA:287,6
DA:288,6
DA:289,6
DA:290,6
DA:291,6
DA:294,6
DA:297,7
DA:299,7
DA:300,7
DA:304,6
DA:306,6
DA:307,6
DA:311,6
DA:313,0
DA:314,0
DA:318,6
DA:320,1
DA:321,1
LF:151
LH:149
BRDA:67,0,0,6
BRDA:67,0,1,6
BRDA:86,1,0,6
BRDA:86,1,1,6
BRDA:138,2,0,6
BRDA:138,2,1,6
BRDA:170,3,0,6
BRDA:170,3,1,6
BRF:8
BRH:8
end_of_record
TN:
SF:src/utils/helpers.ts
FN:15,createClient
FN:22,discover
FN:32,connectToFirstDevice
FN:63,formatMacAddress
FN:76,parseVersion
FN:96,retryWithBackoff
FN:123,sleep
FN:124,(anonymous_8)
FN:130,timeout
FN:133,(anonymous_10)
FN:134,(anonymous_11)
FN:141,(anonymous_12)
FNF:12
FNH:12
FNDA:3,createClient
FNDA:5,discover
FNDA:3,connectToFirstDevice
FNDA:5,formatMacAddress
FNDA:7,parseVersion
FNDA:5,retryWithBackoff
FNDA:7,sleep
FNDA:7,(anonymous_8)
FNDA:5,timeout
FNDA:5,(anonymous_10)
FNDA:2,(anonymous_11)
FNDA:3,(anonymous_12)
DA:5,1
DA:6,1
DA:8,1
DA:10,1
DA:15,1
DA:16,3
DA:22,1
DA:23,5
DA:24,5
DA:25,5
DA:26,5
DA:32,1
DA:36,3
DA:38,3
DA:39,1
DA:40,1
DA:43,2
DA:44,2
DA:45,0
DA:48,2
DA:50,2
DA:56,2
DA:57,2
DA:63,1
DA:65,5
DA:68,5
DA:70,5
DA:76,1
DA:81,7
DA:82,7
DA:83,3
DA:86,4
DA:96,1
DA:103,5
DA:104,10
DA:105,10
DA:107,7
DA:109,7
DA:110,5
DA:111,5
DA:112,5
DA:117,2
DA:123,1
DA:124,7
DA:130,1
DA:133,5
DA:134,5
DA:135,2
DA:138,5
DA:141,5
LF:50
LH:49
BRDA:22,0,0,1
BRDA:34,1,0,2
BRDA:38,2,0,1
BRDA:44,3,0,0
BRDA:68,4,0,5
BRDA:68,4,1,0
BRDA:82,5,0,3
BRDA:82,6,0,7
BRDA:82,6,1,4
BRDA:82,6,2,4
BRDA:82,6,3,4
BRDA:98,7,0,1
BRDA:99,8,0,1
BRDA:107,9,0,6
BRDA:107,9,1,1
BRDA:109,10,0,5
BRDA:117,11,0,2
BRDA:117,11,1,0
BRDA:135,12,0,2
BRDA:135,12,1,1
BRF:20
BRH:17
end_of_record
TN:
SF:src/utils/logger.ts
FN:12,createLogger
FN:15,(anonymous_2)
FN:22,(anonymous_3)
FN:31,setupGlobalLogger
FNF:4
FNH:4
FNDA:5,createLogger
FNDA:4,(anonymous_2)
FNDA:1,(anonymous_3)
FNDA:2,setupGlobalLogger
DA:6,1
DA:12,1
DA:13,5
DA:15,4
DA:16,4
DA:21,1
DA:22,1
DA:23,1
DA:31,1
DA:34,2
DA:35,2
LF:11
LH:11
BRDA:13,0,0,4
BRF:1
BRH:1
end_of_record
TN:
SF:src/utils/protocol.ts
FN:20,(anonymous_1)
FN:27,(anonymous_2)
FN:51,(anonymous_3)
FN:69,(anonymous_4)
FN:149,(anonymous_5)
FN:156,(anonymous_6)
FN:169,createPingRequest
FN:176,createPingResponse
FNF:8
FNH:6
FNDA:83,(anonymous_1)
FNDA:19,(anonymous_2)
FNDA:21,(anonymous_3)
FNDA:21,(anonymous_4)
FNDA:130,(anonymous_5)
FNDA:8,(anonymous_6)
FNDA:0,createPingRequest
FNDA:0,createPingResponse
DA:6,5
DA:7,5
DA:8,5
DA:10,5
DA:20,5
DA:21,83
DA:22,83
DA:28,19
DA:29,19
DA:32,19
DA:39,19
DA:45,19
DA:52,21
DA:53,21
DA:55,21
DA:56,21
DA:57,20
DA:58,7
DA:60,13
DA:63,20
DA:71,21
DA:72,0
DA:76,21
DA:78,2
DA:79,2
DA:81,1
DA:82,1
DA:83,1
DA:86,1
DA:87,1
DA:93,20
DA:94,20
DA:95,19
DA:98,1
DA:102,19
DA:103,1
DA:107,18
DA:108,18
DA:109,1
DA:115,17
DA:116,17
DA:117,16
DA:120,1
DA:124,16
DA:125,16
DA:128,16
DA:129,3
DA:133,13
DA:136,13
DA:138,13
DA:140,13
DA:150,130
DA:157,8
DA:169,5
DA:170,0
DA:176,5
DA:177,0
LF:57
LH:54
BRDA:57,0,0,7
BRDA:71,1,0,0
BRDA:76,2,0,2
BRDA:79,3,0,1
BRDA:95,4,0,19
BRDA:95,4,1,0
BRDA:102,5,0,1
BRDA:108,6,0,1
BRDA:117,7,0,16
BRDA:117,7,1,0
BRDA:128,8,0,3
BRF:11
BRH:8
end_of_record
