TN:
SF:src/index.ts
FN:7,(anonymous_9)
FN:11,(anonymous_10)
FN:13,(anonymous_11)
FN:15,(anonymous_12)
FN:18,(anonymous_13)
FN:22,(anonymous_14)
FN:29,(anonymous_15)
FN:30,(anonymous_16)
FN:31,(anonymous_17)
FN:32,(anonymous_18)
FN:40,(anonymous_19)
FN:52,(anonymous_20)
FN:59,(anonymous_21)
FN:62,(anonymous_22)
FN:68,(anonymous_23)
FN:69,(anonymous_24)
FN:70,(anonymous_25)
FN:71,(anonymous_26)
FN:72,(anonymous_27)
FN:73,(anonymous_28)
FN:74,(anonymous_29)
FN:75,(anonymous_30)
FNF:22
FNH:0
FNDA:0,(anonymous_9)
FNDA:0,(anonymous_10)
FNDA:0,(anonymous_11)
FNDA:0,(anonymous_12)
FNDA:0,(anonymous_13)
FNDA:0,(anonymous_14)
FNDA:0,(anonymous_15)
FNDA:0,(anonymous_16)
FNDA:0,(anonymous_17)
FNDA:0,(anonymous_18)
FNDA:0,(anonymous_19)
FNDA:0,(anonymous_20)
FNDA:0,(anonymous_21)
FNDA:0,(anonymous_22)
FNDA:0,(anonymous_23)
FNDA:0,(anonymous_24)
FNDA:0,(anonymous_25)
FNDA:0,(anonymous_26)
FNDA:0,(anonymous_27)
FNDA:0,(anonymous_28)
FNDA:0,(anonymous_29)
FNDA:0,(anonymous_30)
DA:7,0
DA:11,0
DA:13,0
DA:15,0
DA:18,0
DA:22,0
DA:25,0
DA:29,0
DA:30,0
DA:31,0
DA:32,0
DA:40,0
DA:52,0
DA:59,0
DA:62,0
DA:67,0
DA:68,0
DA:69,0
DA:70,0
DA:71,0
DA:72,0
DA:73,0
DA:74,0
DA:75,0
DA:79,0
LF:25
LH:0
BRF:0
BRH:0
end_of_record
TN:
SF:src/client/client.ts
FN:54,(anonymous_1)
FN:74,(anonymous_2)
FN:77,(anonymous_3)
FN:79,(anonymous_4)
FN:85,(anonymous_5)
FN:90,(anonymous_6)
FN:91,(anonymous_7)
FN:97,(anonymous_8)
FN:105,(anonymous_9)
FN:111,(anonymous_10)
FN:112,(anonymous_11)
FN:121,(anonymous_12)
FN:127,(anonymous_13)
FN:141,(anonymous_14)
FN:149,(anonymous_15)
FN:175,(anonymous_16)
FN:190,(anonymous_17)
FN:207,(anonymous_18)
FN:239,(anonymous_19)
FN:271,(anonymous_20)
FN:278,(anonymous_21)
FN:293,(anonymous_22)
FN:306,(anonymous_23)
FN:315,(anonymous_24)
FN:334,(anonymous_25)
FN:343,(anonymous_26)
FN:358,(anonymous_27)
FN:373,(anonymous_28)
FN:407,(anonymous_29)
FN:445,(anonymous_30)
FN:453,(anonymous_31)
FN:490,(anonymous_32)
FN:543,(anonymous_33)
FN:569,(anonymous_34)
FN:570,(anonymous_35)
FN:573,(anonymous_36)
FN:581,(anonymous_37)
FN:596,(anonymous_38)
FN:618,(anonymous_39)
FN:639,(anonymous_40)
FN:651,(anonymous_41)
FN:658,(anonymous_42)
FNF:42
FNH:20
FNDA:30,(anonymous_1)
FNDA:30,(anonymous_2)
FNDA:0,(anonymous_3)
FNDA:0,(anonymous_4)
FNDA:2,(anonymous_5)
FNDA:0,(anonymous_6)
FNDA:0,(anonymous_7)
FNDA:2,(anonymous_8)
FNDA:4,(anonymous_9)
FNDA:4,(anonymous_10)
FNDA:0,(anonymous_11)
FNDA:4,(anonymous_12)
FNDA:0,(anonymous_13)
FNDA:1,(anonymous_14)
FNDA:0,(anonymous_15)
FNDA:0,(anonymous_16)
FNDA:0,(anonymous_17)
FNDA:0,(anonymous_18)
FNDA:0,(anonymous_19)
FNDA:2,(anonymous_20)
FNDA:1,(anonymous_21)
FNDA:5,(anonymous_22)
FNDA:0,(anonymous_23)
FNDA:5,(anonymous_24)
FNDA:0,(anonymous_25)
FNDA:3,(anonymous_26)
FNDA:2,(anonymous_27)
FNDA:0,(anonymous_28)
FNDA:0,(anonymous_29)
FNDA:0,(anonymous_30)
FNDA:0,(anonymous_31)
FNDA:0,(anonymous_32)
FNDA:0,(anonymous_33)
FNDA:1,(anonymous_34)
FNDA:1,(anonymous_35)
FNDA:0,(anonymous_36)
FNDA:0,(anonymous_37)
FNDA:10,(anonymous_38)
FNDA:0,(anonymous_39)
FNDA:33,(anonymous_40)
FNDA:3,(anonymous_41)
FNDA:3,(anonymous_42)
DA:6,2
DA:7,2
DA:8,2
DA:9,2
DA:11,2
DA:26,2
DA:45,2
DA:49,30
DA:50,30
DA:51,30
DA:52,30
DA:55,30
DA:56,30
DA:59,30
DA:60,0
DA:61,0
DA:63,30
DA:64,30
DA:67,30
DA:68,30
DA:75,30
DA:77,30
DA:78,0
DA:79,0
DA:80,0
DA:81,0
DA:85,30
DA:86,2
DA:87,2
DA:90,30
DA:91,0
DA:92,0
DA:93,0
DA:97,30
DA:98,2
DA:106,4
DA:107,4
DA:111,4
DA:112,4
DA:113,0
DA:114,0
DA:115,0
DA:119,4
DA:121,4
DA:122,4
DA:123,4
DA:124,4
DA:127,4
DA:128,0
DA:129,0
DA:130,0
DA:133,4
DA:134,4
DA:142,1
DA:143,1
DA:151,0
DA:154,0
DA:155,0
DA:158,0
DA:159,0
DA:163,0
DA:166,0
DA:169,0
DA:176,0
DA:182,0
DA:183,0
DA:184,0
DA:191,0
DA:192,0
DA:194,0
DA:199,0
DA:200,0
DA:208,0
DA:209,0
DA:212,0
DA:213,0
DA:214,0
DA:216,0
DA:220,0
DA:221,0
DA:223,0
DA:224,0
DA:226,0
DA:227,0
DA:230,0
DA:232,0
DA:240,0
DA:241,0
DA:243,0
DA:244,0
DA:246,0
DA:264,0
DA:265,0
DA:272,2
DA:279,1
DA:280,1
DA:282,1
DA:285,1
DA:287,0
DA:294,5
DA:296,5
DA:297,5
DA:300,5
DA:307,0
DA:308,0
DA:316,5
DA:318,5
DA:319,5
DA:322,5
DA:327,5
DA:328,5
DA:335,0
DA:336,0
DA:344,3
DA:346,3
DA:351,3
DA:352,3
DA:359,2
DA:361,2
DA:366,2
DA:367,2
DA:374,0
DA:376,0
DA:380,0
DA:381,0
DA:382,0
DA:385,0
DA:386,0
DA:387,0
DA:390,0
DA:391,0
DA:392,0
DA:395,0
DA:396,0
DA:397,0
DA:400,0
DA:401,0
DA:408,0
DA:410,0
DA:411,0
DA:420,0
DA:421,0
DA:430,0
DA:431,0
DA:434,0
DA:435,0
DA:438,0
DA:446,0
DA:447,0
DA:454,0
DA:456,0
DA:458,0
DA:459,0
DA:461,0
DA:462,0
DA:464,0
DA:465,0
DA:467,0
DA:468,0
DA:470,0
DA:471,0
DA:473,0
DA:474,0
DA:476,0
DA:477,0
DA:480,0
DA:481,0
DA:482,0
DA:483,0
DA:491,0
DA:493,0
DA:495,0
DA:496,0
DA:497,0
DA:499,0
DA:500,0
DA:501,0
DA:503,0
DA:504,0
DA:505,0
DA:507,0
DA:508,0
DA:509,0
DA:511,0
DA:512,0
DA:513,0
DA:515,0
DA:516,0
DA:517,0
DA:519,0
DA:520,0
DA:521,0
DA:524,0
DA:525,0
DA:528,0
DA:529,0
DA:530,0
DA:532,0
DA:536,0
DA:544,0
DA:546,0
DA:552,0
DA:555,0
DA:556,0
DA:557,0
DA:559,0
DA:563,0
DA:570,1
DA:571,1
DA:573,1
DA:574,0
DA:575,0
DA:579,1
DA:581,1
DA:582,0
DA:583,0
DA:584,0
DA:585,0
DA:589,1
DA:597,10
DA:598,10
DA:599,10
DA:601,10
DA:602,0
DA:603,0
DA:606,10
DA:607,10
DA:608,10
DA:610,0
DA:611,0
DA:619,0
DA:620,0
DA:621,0
DA:623,0
DA:624,0
DA:625,0
DA:628,0
DA:629,0
DA:631,0
DA:632,0
DA:640,33
DA:641,33
DA:642,33
DA:643,33
DA:644,33
DA:645,33
DA:652,3
DA:659,3
LF:248
LH:84
BRDA:59,0,0,0
BRDA:59,0,1,30
BRDA:68,1,0,30
BRDA:68,1,1,0
BRDA:86,2,0,2
BRDA:86,2,1,1
BRDA:93,3,0,0
BRDA:93,3,1,0
BRDA:158,4,0,0
BRDA:177,5,0,0
BRDA:177,5,1,0
BRDA:195,6,0,0
BRDA:195,6,1,0
BRDA:196,7,0,0
BRDA:196,7,1,0
BRDA:199,8,0,0
BRDA:208,9,0,0
BRDA:226,10,0,0
BRDA:247,11,0,0
BRDA:247,11,1,0
BRDA:248,12,0,0
BRDA:248,12,1,0
BRDA:249,13,0,0
BRDA:249,13,1,0
BRDA:250,14,0,0
BRDA:250,14,1,0
BRDA:251,15,0,0
BRDA:251,15,1,0
BRDA:252,16,0,0
BRDA:252,16,1,0
BRDA:253,17,0,0
BRDA:253,17,1,0
BRDA:296,18,0,5
BRDA:307,19,0,0
BRDA:315,20,0,0
BRDA:318,21,0,5
BRDA:335,22,0,0
BRDA:380,23,0,0
BRDA:385,24,0,0
BRDA:390,25,0,0
BRDA:395,26,0,0
BRDA:408,27,0,0
BRDA:408,27,1,0
BRDA:408,27,2,0
BRDA:408,27,3,0
BRDA:408,27,4,0
BRDA:408,27,5,0
BRDA:408,27,6,0
BRDA:408,27,7,0
BRDA:408,27,8,0
BRDA:408,27,9,0
BRDA:408,27,10,0
BRDA:408,27,11,0
BRDA:408,27,12,0
BRDA:408,27,13,0
BRDA:408,27,14,0
BRDA:408,27,15,0
BRDA:408,27,16,0
BRDA:456,28,0,0
BRDA:456,28,1,0
BRDA:456,28,2,0
BRDA:456,28,3,0
BRDA:456,28,4,0
BRDA:456,28,5,0
BRDA:456,28,6,0
BRDA:480,29,0,0
BRDA:480,30,0,0
BRDA:480,30,1,0
BRDA:493,31,0,0
BRDA:493,31,1,0
BRDA:493,31,2,0
BRDA:493,31,3,0
BRDA:493,31,4,0
BRDA:493,31,5,0
BRDA:493,31,6,0
BRDA:524,32,0,0
BRDA:547,33,0,0
BRDA:547,33,1,0
BRDA:548,34,0,0
BRDA:548,34,1,0
BRDA:549,35,0,0
BRDA:549,35,1,0
BRDA:582,36,0,0
BRDA:601,37,0,0
BRDA:601,38,0,10
BRDA:601,38,1,10
BRDA:623,39,0,0
BRDA:623,40,0,0
BRDA:623,40,1,0
BRF:89
BRH:8
end_of_record
TN:
SF:src/connection/connection.ts
FN:43,(anonymous_1)
FN:67,(anonymous_2)
FN:81,(anonymous_3)
FN:88,(anonymous_4)
FN:103,(anonymous_5)
FN:104,(anonymous_6)
FN:108,(anonymous_7)
FN:114,(anonymous_8)
FN:125,(anonymous_9)
FN:138,(anonymous_10)
FN:141,(anonymous_11)
FN:156,(anonymous_12)
FN:161,(anonymous_13)
FN:166,(anonymous_14)
FN:175,(anonymous_15)
FN:194,(anonymous_16)
FN:207,(anonymous_17)
FN:217,(anonymous_18)
FN:234,(anonymous_19)
FN:240,(anonymous_20)
FN:258,(anonymous_21)
FN:261,(anonymous_22)
FN:281,(anonymous_23)
FN:284,(anonymous_24)
FN:294,(anonymous_25)
FN:302,(anonymous_26)
FN:313,(anonymous_27)
FN:323,(anonymous_28)
FN:343,(anonymous_29)
FN:356,(anonymous_30)
FN:366,(anonymous_31)
FN:373,(anonymous_32)
FN:380,(anonymous_33)
FN:387,(anonymous_34)
FN:394,(anonymous_35)
FN:401,(anonymous_36)
FNF:36
FNH:28
FNDA:38,(anonymous_1)
FNDA:24,(anonymous_2)
FNDA:22,(anonymous_3)
FNDA:0,(anonymous_4)
FNDA:22,(anonymous_5)
FNDA:22,(anonymous_6)
FNDA:1,(anonymous_7)
FNDA:21,(anonymous_8)
FNDA:2,(anonymous_9)
FNDA:21,(anonymous_10)
FNDA:0,(anonymous_11)
FNDA:2,(anonymous_12)
FNDA:2,(anonymous_13)
FNDA:1,(anonymous_14)
FNDA:0,(anonymous_15)
FNDA:4,(anonymous_16)
FNDA:6,(anonymous_17)
FNDA:3,(anonymous_18)
FNDA:3,(anonymous_19)
FNDA:0,(anonymous_20)
FNDA:21,(anonymous_21)
FNDA:0,(anonymous_22)
FNDA:0,(anonymous_23)
FNDA:0,(anonymous_24)
FNDA:0,(anonymous_25)
FNDA:93,(anonymous_26)
FNDA:93,(anonymous_27)
FNDA:72,(anonymous_28)
FNDA:33,(anonymous_29)
FNDA:41,(anonymous_30)
FNDA:6,(anonymous_31)
FNDA:13,(anonymous_32)
FNDA:2,(anonymous_33)
FNDA:1,(anonymous_34)
FNDA:1,(anonymous_35)
FNDA:1,(anonymous_36)
DA:6,2
DA:7,2
DA:8,2
DA:9,2
DA:10,2
DA:11,2
DA:19,2
DA:29,2
DA:30,38
DA:32,38
DA:40,38
DA:41,38
DA:44,38
DA:46,38
DA:60,38
DA:61,38
DA:68,24
DA:69,1
DA:72,23
DA:73,1
DA:74,1
DA:77,22
DA:79,22
DA:80,22
DA:82,22
DA:89,0
DA:94,1
DA:95,1
DA:96,1
DA:104,22
DA:105,22
DA:107,22
DA:108,22
DA:109,1
DA:110,1
DA:112,22
DA:114,22
DA:115,21
DA:116,21
DA:117,21
DA:118,21
DA:119,21
DA:120,21
DA:121,21
DA:122,21
DA:125,22
DA:126,2
DA:127,2
DA:128,2
DA:131,22
DA:139,21
DA:141,21
DA:142,0
DA:143,0
DA:144,0
DA:145,0
DA:146,0
DA:149,0
DA:150,0
DA:151,0
DA:152,0
DA:156,21
DA:157,2
DA:158,2
DA:161,21
DA:162,2
DA:163,2
DA:166,21
DA:167,1
DA:168,1
DA:177,0
DA:178,0
DA:179,0
DA:182,0
DA:183,0
DA:184,0
DA:188,0
DA:195,4
DA:196,1
DA:199,3
DA:200,3
DA:201,3
DA:208,6
DA:209,6
DA:210,6
DA:211,6
DA:218,3
DA:219,3
DA:220,3
DA:222,3
DA:223,3
DA:226,3
DA:227,3
DA:235,3
DA:237,3
DA:238,3
DA:240,3
DA:241,0
DA:243,0
DA:244,0
DA:245,0
DA:246,0
DA:248,0
DA:249,0
DA:250,0
DA:259,21
DA:261,21
DA:262,0
DA:263,0
DA:264,0
DA:267,0
DA:268,0
DA:269,0
DA:270,0
DA:272,0
DA:273,0
DA:282,0
DA:284,0
DA:285,0
DA:286,0
DA:288,0
DA:295,0
DA:296,0
DA:303,93
DA:304,21
DA:305,21
DA:307,93
DA:314,93
DA:315,0
DA:316,0
DA:324,72
DA:326,72
DA:327,3
DA:328,3
DA:331,72
DA:332,21
DA:333,21
DA:334,21
DA:337,72
DA:344,33
DA:345,33
DA:347,33
DA:348,32
DA:349,32
DA:357,41
DA:358,41
DA:359,41
DA:360,41
DA:367,6
DA:374,13
DA:381,2
DA:388,1
DA:395,1
DA:402,1
LF:154
LH:111
BRDA:48,0,0,38
BRDA:48,0,1,1
BRDA:49,1,0,38
BRDA:49,1,1,1
BRDA:50,2,0,38
BRDA:50,2,1,38
BRDA:52,3,0,38
BRDA:52,3,1,37
BRDA:53,4,0,38
BRDA:53,4,1,35
BRDA:54,5,0,38
BRDA:54,5,1,37
BRDA:55,6,0,38
BRDA:55,6,1,37
BRDA:56,7,0,38
BRDA:56,7,1,38
BRDA:57,8,0,38
BRDA:57,8,1,38
BRDA:68,9,0,1
BRDA:72,10,0,1
BRDA:85,11,0,22
BRDA:85,11,1,0
BRDA:94,12,0,1
BRDA:94,12,1,0
BRDA:139,13,0,0
BRDA:149,14,0,0
BRDA:149,14,1,0
BRDA:177,15,0,0
BRDA:182,16,0,0
BRDA:195,17,0,1
BRDA:195,18,0,4
BRDA:195,18,1,3
BRDA:222,19,0,3
BRDA:226,20,0,3
BRDA:226,21,0,3
BRDA:226,21,1,3
BRDA:226,21,2,3
BRDA:235,22,0,0
BRDA:235,23,0,3
BRDA:235,23,1,3
BRDA:241,24,0,0
BRDA:262,25,0,0
BRDA:303,26,0,21
BRDA:314,27,0,0
BRDA:326,28,0,3
BRDA:331,29,0,21
BRDA:347,30,0,32
BRF:47
BRH:36
end_of_record
TN:
SF:src/connection/encrypted-connection.ts
FN:54,(anonymous_1)
FN:85,(anonymous_2)
FN:106,(anonymous_3)
FN:113,(anonymous_4)
FN:128,(anonymous_5)
FN:129,(anonymous_6)
FN:133,(anonymous_7)
FN:139,(anonymous_8)
FN:166,(anonymous_9)
FN:180,(anonymous_10)
FN:189,(anonymous_11)
FN:191,(anonymous_12)
FN:218,(anonymous_13)
FN:226,(anonymous_14)
FN:368,(anonymous_15)
FN:379,(anonymous_16)
FN:390,(anonymous_17)
FN:402,(anonymous_18)
FN:405,(anonymous_19)
FN:420,(anonymous_20)
FN:425,(anonymous_21)
FN:430,(anonymous_22)
FN:439,(anonymous_23)
FN:458,(anonymous_24)
FN:494,(anonymous_25)
FN:504,(anonymous_26)
FN:522,(anonymous_27)
FN:528,(anonymous_28)
FN:546,(anonymous_29)
FN:549,(anonymous_30)
FN:569,(anonymous_31)
FN:572,(anonymous_32)
FN:582,(anonymous_33)
FN:590,(anonymous_34)
FN:601,(anonymous_35)
FN:611,(anonymous_36)
FN:636,(anonymous_37)
FN:649,(anonymous_38)
FN:659,(anonymous_39)
FN:666,(anonymous_40)
FN:673,(anonymous_41)
FN:680,(anonymous_42)
FN:687,(anonymous_43)
FN:694,(anonymous_44)
FN:701,(anonymous_45)
FNF:45
FNH:14
FNDA:9,(anonymous_1)
FNDA:1,(anonymous_2)
FNDA:0,(anonymous_3)
FNDA:0,(anonymous_4)
FNDA:0,(anonymous_5)
FNDA:0,(anonymous_6)
FNDA:0,(anonymous_7)
FNDA:0,(anonymous_8)
FNDA:0,(anonymous_9)
FNDA:0,(anonymous_10)
FNDA:0,(anonymous_11)
FNDA:0,(anonymous_12)
FNDA:0,(anonymous_13)
FNDA:0,(anonymous_14)
FNDA:0,(anonymous_15)
FNDA:0,(anonymous_16)
FNDA:0,(anonymous_17)
FNDA:0,(anonymous_18)
FNDA:0,(anonymous_19)
FNDA:0,(anonymous_20)
FNDA:0,(anonymous_21)
FNDA:0,(anonymous_22)
FNDA:0,(anonymous_23)
FNDA:0,(anonymous_24)
FNDA:1,(anonymous_25)
FNDA:0,(anonymous_26)
FNDA:0,(anonymous_27)
FNDA:0,(anonymous_28)
FNDA:0,(anonymous_29)
FNDA:0,(anonymous_30)
FNDA:0,(anonymous_31)
FNDA:0,(anonymous_32)
FNDA:0,(anonymous_33)
FNDA:10,(anonymous_34)
FNDA:10,(anonymous_35)
FNDA:10,(anonymous_36)
FNDA:4,(anonymous_37)
FNDA:9,(anonymous_38)
FNDA:4,(anonymous_39)
FNDA:2,(anonymous_40)
FNDA:2,(anonymous_41)
FNDA:0,(anonymous_42)
FNDA:1,(anonymous_43)
FNDA:1,(anonymous_44)
FNDA:1,(anonymous_45)
DA:6,3
DA:7,3
DA:8,3
DA:9,3
DA:10,3
DA:11,3
DA:12,3
DA:20,3
DA:24,3
DA:35,3
DA:36,9
DA:41,9
DA:49,9
DA:50,9
DA:51,9
DA:52,9
DA:55,9
DA:57,9
DA:71,9
DA:74,9
DA:75,9
DA:76,9
DA:79,9
DA:86,1
DA:87,1
DA:90,0
DA:91,0
DA:92,0
DA:96,0
DA:97,0
DA:98,0
DA:99,0
DA:102,0
DA:104,0
DA:105,0
DA:107,0
DA:114,0
DA:119,0
DA:120,0
DA:121,0
DA:129,0
DA:130,0
DA:132,0
DA:133,0
DA:134,0
DA:135,0
DA:137,0
DA:139,0
DA:140,0
DA:141,0
DA:142,0
DA:143,0
DA:144,0
DA:147,0
DA:148,0
DA:149,0
DA:150,0
DA:151,0
DA:152,0
DA:154,0
DA:155,0
DA:156,0
DA:157,0
DA:161,0
DA:162,0
DA:163,0
DA:166,0
DA:167,0
DA:168,0
DA:169,0
DA:172,0
DA:181,0
DA:182,0
DA:185,0
DA:186,0
DA:187,0
DA:189,0
DA:191,0
DA:192,0
DA:199,0
DA:200,0
DA:205,0
DA:212,0
DA:214,0
DA:215,0
DA:218,0
DA:219,0
DA:221,0
DA:223,0
DA:226,0
DA:227,0
DA:229,0
DA:230,0
DA:233,0
DA:234,0
DA:235,0
DA:237,0
DA:239,0
DA:242,0
DA:243,0
DA:246,0
DA:247,0
DA:250,0
DA:252,0
DA:254,0
DA:255,0
DA:256,0
DA:262,0
DA:263,0
DA:264,0
DA:267,0
DA:268,0
DA:269,0
DA:271,0
DA:273,0
DA:278,0
DA:280,0
DA:281,0
DA:283,0
DA:285,0
DA:287,0
DA:288,0
DA:289,0
DA:293,0
DA:294,0
DA:295,0
DA:296,0
DA:297,0
DA:298,0
DA:304,0
DA:306,0
DA:307,0
DA:308,0
DA:309,0
DA:311,0
DA:312,0
DA:314,0
DA:316,0
DA:317,0
DA:319,0
DA:320,0
DA:324,0
DA:327,0
DA:330,0
DA:331,0
DA:334,0
DA:337,0
DA:342,0
DA:345,0
DA:347,0
DA:350,0
DA:351,0
DA:352,0
DA:354,0
DA:358,0
DA:359,0
DA:360,0
DA:363,0
DA:364,0
DA:365,0
DA:368,0
DA:369,0
DA:380,0
DA:381,0
DA:382,0
DA:383,0
DA:384,0
DA:391,0
DA:392,0
DA:393,0
DA:394,0
DA:395,0
DA:403,0
DA:405,0
DA:406,0
DA:407,0
DA:408,0
DA:409,0
DA:410,0
DA:413,0
DA:414,0
DA:415,0
DA:416,0
DA:420,0
DA:421,0
DA:422,0
DA:425,0
DA:426,0
DA:427,0
DA:430,0
DA:431,0
DA:432,0
DA:441,0
DA:442,0
DA:443,0
DA:446,0
DA:447,0
DA:448,0
DA:452,0
DA:459,0
DA:460,0
DA:463,0
DA:469,0
DA:470,0
DA:472,0
DA:473,0
DA:475,0
DA:478,0
DA:479,0
DA:480,0
DA:481,0
DA:485,0
DA:486,0
DA:487,0
DA:495,1
DA:496,1
DA:497,1
DA:498,1
DA:505,0
DA:506,0
DA:507,0
DA:508,0
DA:510,0
DA:511,0
DA:514,0
DA:515,0
DA:523,0
DA:525,0
DA:526,0
DA:528,0
DA:529,0
DA:531,0
DA:532,0
DA:533,0
DA:534,0
DA:536,0
DA:537,0
DA:538,0
DA:547,0
DA:549,0
DA:550,0
DA:551,0
DA:552,0
DA:555,0
DA:556,0
DA:557,0
DA:558,0
DA:560,0
DA:561,0
DA:570,0
DA:572,0
DA:573,0
DA:574,0
DA:576,0
DA:583,0
DA:584,0
DA:591,10
DA:592,0
DA:593,0
DA:595,10
DA:602,10
DA:603,0
DA:604,0
DA:612,10
DA:614,10
DA:615,0
DA:616,0
DA:619,10
DA:620,0
DA:621,0
DA:622,0
DA:625,10
DA:626,10
DA:628,10
DA:629,10
DA:637,4
DA:638,4
DA:640,4
DA:641,3
DA:642,3
DA:650,9
DA:651,9
DA:652,9
DA:653,9
DA:660,4
DA:667,2
DA:674,2
DA:681,0
DA:688,1
DA:695,1
DA:702,1
LF:291
LH:54
BRDA:59,0,0,9
BRDA:59,0,1,1
BRDA:60,1,0,9
BRDA:60,1,1,1
BRDA:61,2,0,9
BRDA:61,2,1,9
BRDA:63,3,0,9
BRDA:63,3,1,9
BRDA:64,4,0,9
BRDA:64,4,1,8
BRDA:65,5,0,9
BRDA:65,5,1,9
BRDA:66,6,0,9
BRDA:66,6,1,9
BRDA:67,7,0,9
BRDA:67,7,1,0
BRDA:68,8,0,9
BRDA:68,8,1,9
BRDA:74,9,0,9
BRDA:86,10,0,1
BRDA:90,11,0,0
BRDA:96,12,0,0
BRDA:96,13,0,0
BRDA:96,13,1,0
BRDA:110,14,0,0
BRDA:110,14,1,0
BRDA:119,15,0,0
BRDA:119,15,1,0
BRDA:147,16,0,0
BRDA:181,17,0,0
BRDA:237,18,0,0
BRDA:242,19,0,0
BRDA:250,20,0,0
BRDA:250,20,1,0
BRDA:250,21,0,0
BRDA:250,21,1,0
BRDA:262,22,0,0
BRDA:283,23,0,0
BRDA:283,23,1,0
BRDA:288,24,0,0
BRDA:293,25,0,0
BRDA:295,26,0,0
BRDA:297,27,0,0
BRDA:312,28,0,0
BRDA:319,29,0,0
BRDA:351,30,0,0
BRDA:358,31,0,0
BRDA:403,32,0,0
BRDA:403,33,0,0
BRDA:403,33,1,0
BRDA:413,34,0,0
BRDA:413,34,1,0
BRDA:441,35,0,0
BRDA:446,36,0,0
BRDA:459,37,0,0
BRDA:459,38,0,0
BRDA:459,38,1,0
BRDA:463,39,0,0
BRDA:463,39,1,0
BRDA:463,40,0,0
BRDA:463,40,1,0
BRDA:510,41,0,0
BRDA:514,42,0,0
BRDA:514,43,0,0
BRDA:514,43,1,0
BRDA:514,43,2,0
BRDA:523,44,0,0
BRDA:523,45,0,0
BRDA:523,45,1,0
BRDA:529,46,0,0
BRDA:550,47,0,0
BRDA:591,48,0,0
BRDA:602,49,0,0
BRDA:614,50,0,0
BRDA:619,51,0,0
BRDA:628,52,0,10
BRDA:640,53,0,3
BRF:77
BRH:21
end_of_record
TN:
SF:src/connection/noise-encryption.ts
FN:21,loadNoise
FN:27,(anonymous_2)
FN:28,(anonymous_3)
FN:47,(anonymous_4)
FN:59,(anonymous_5)
FN:96,(anonymous_6)
FN:118,(anonymous_7)
FN:147,(anonymous_8)
FN:166,(anonymous_9)
FN:185,(anonymous_10)
FN:192,(anonymous_11)
FN:199,(anonymous_12)
FN:231,(anonymous_13)
FNF:13
FNH:9
FNDA:9,loadNoise
FNDA:1,(anonymous_2)
FNDA:1,(anonymous_3)
FNDA:18,(anonymous_4)
FNDA:10,(anonymous_5)
FNDA:3,(anonymous_6)
FNDA:0,(anonymous_7)
FNDA:1,(anonymous_8)
FNDA:1,(anonymous_9)
FNDA:0,(anonymous_10)
FNDA:6,(anonymous_11)
FNDA:0,(anonymous_12)
FNDA:0,(anonymous_13)
DA:7,4
DA:9,4
DA:12,4
DA:15,4
DA:16,4
DA:22,9
DA:23,8
DA:26,1
DA:27,1
DA:28,1
DA:29,1
DA:30,1
DA:31,1
DA:36,1
DA:39,4
DA:41,18
DA:42,18
DA:43,18
DA:44,18
DA:45,18
DA:49,18
DA:50,18
DA:51,4
DA:53,14
DA:60,10
DA:61,1
DA:62,1
DA:65,9
DA:67,9
DA:69,9
DA:76,9
DA:78,9
DA:85,9
DA:86,9
DA:88,0
DA:89,0
DA:97,3
DA:99,3
DA:100,1
DA:103,2
DA:105,2
DA:106,2
DA:107,2
DA:108,2
DA:110,0
DA:111,0
DA:119,0
DA:120,0
DA:123,0
DA:125,0
DA:128,0
DA:129,0
DA:130,0
DA:131,0
DA:135,0
DA:137,0
DA:139,0
DA:140,0
DA:148,1
DA:149,1
DA:152,0
DA:153,0
DA:157,0
DA:159,0
DA:167,1
DA:168,1
DA:171,0
DA:172,0
DA:176,0
DA:178,0
DA:186,0
DA:193,6
DA:200,0
DA:201,0
DA:202,0
DA:206,0
DA:208,0
DA:209,0
DA:210,0
DA:214,0
DA:216,0
DA:217,0
DA:218,0
DA:222,0
DA:224,0
DA:225,0
DA:232,0
LF:87
LH:47
BRDA:22,0,0,8
BRDA:26,1,0,1
BRDA:50,2,0,4
BRDA:60,3,0,1
BRDA:97,4,0,2
BRDA:97,4,1,1
BRDA:99,5,0,1
BRDA:99,6,0,3
BRDA:99,6,1,2
BRDA:119,7,0,0
BRDA:119,8,0,0
BRDA:119,8,1,0
BRDA:148,9,0,1
BRDA:148,10,0,1
BRDA:148,10,1,0
BRDA:167,11,0,1
BRDA:167,12,0,1
BRDA:167,12,1,0
BRDA:200,13,0,0
BRDA:208,14,0,0
BRDA:216,15,0,0
BRF:21
BRH:13
end_of_record
TN:
SF:src/discovery/discovery.ts
FN:24,(anonymous_1)
FN:33,(anonymous_2)
FN:46,(anonymous_3)
FN:50,(anonymous_4)
FN:56,(anonymous_5)
FN:66,(anonymous_6)
FN:83,(anonymous_7)
FN:101,(anonymous_8)
FN:117,(anonymous_9)
FN:123,(anonymous_10)
FN:153,(anonymous_11)
FN:160,(anonymous_12)
FN:167,(anonymous_13)
FN:179,discoverDevices
FN:180,(anonymous_15)
FN:184,(anonymous_16)
FN:188,(anonymous_17)
FN:194,(anonymous_18)
FNF:18
FNH:18
FNDA:17,(anonymous_1)
FNDA:17,(anonymous_2)
FNDA:12,(anonymous_3)
FNDA:1,(anonymous_4)
FNDA:3,(anonymous_5)
FNDA:23,(anonymous_6)
FNDA:12,(anonymous_7)
FNDA:1,(anonymous_8)
FNDA:13,(anonymous_9)
FNDA:11,(anonymous_10)
FNDA:6,(anonymous_11)
FNDA:19,(anonymous_12)
FNDA:18,(anonymous_13)
FNDA:2,discoverDevices
FNDA:2,(anonymous_15)
FNDA:1,(anonymous_16)
FNDA:1,(anonymous_17)
FNDA:2,(anonymous_18)
DA:6,2
DA:7,2
DA:8,2
DA:11,2
DA:18,2
DA:21,17
DA:22,17
DA:25,17
DA:26,17
DA:27,17
DA:34,17
DA:35,1
DA:36,1
DA:39,16
DA:40,16
DA:41,16
DA:44,16
DA:46,16
DA:47,12
DA:50,16
DA:51,1
DA:55,16
DA:56,3
DA:57,3
DA:59,3
DA:67,23
DA:68,7
DA:71,16
DA:72,16
DA:74,16
DA:75,16
DA:76,16
DA:84,12
DA:85,12
DA:86,10
DA:87,9
DA:88,9
DA:89,9
DA:90,9
DA:93,2
DA:94,2
DA:102,1
DA:103,1
DA:104,1
DA:105,1
DA:106,1
DA:107,1
DA:110,0
DA:118,13
DA:119,1
DA:123,11
DA:125,10
DA:126,0
DA:129,10
DA:136,10
DA:137,10
DA:138,10
DA:139,2
DA:141,10
DA:142,2
DA:147,10
DA:154,6
DA:161,19
DA:168,18
DA:169,18
DA:170,18
DA:171,18
DA:172,18
DA:179,2
DA:180,2
DA:181,2
DA:182,2
DA:184,2
DA:185,1
DA:188,2
DA:189,1
DA:192,2
DA:194,2
DA:195,2
DA:196,2
DA:198,2
LF:81
LH:79
BRDA:34,0,0,1
BRDA:55,1,0,3
BRDA:55,2,0,16
BRDA:55,2,1,3
BRDA:67,3,0,7
BRDA:74,4,0,16
BRDA:86,5,0,9
BRDA:94,6,0,2
BRDA:94,6,1,0
BRDA:104,7,0,1
BRDA:118,8,0,1
BRDA:118,9,0,13
BRDA:118,9,1,11
BRDA:123,10,0,10
BRDA:123,10,1,0
BRDA:125,11,0,0
BRDA:132,12,0,10
BRDA:132,12,1,0
BRDA:136,13,0,10
BRDA:137,14,0,10
BRDA:138,15,0,2
BRDA:141,16,0,2
BRDA:179,17,0,0
BRF:23
BRH:18
end_of_record
TN:
SF:src/types/index.ts
FN:47,(anonymous_0)
FN:66,(anonymous_1)
FN:118,(anonymous_2)
FN:150,(anonymous_3)
FN:273,(anonymous_4)
FN:280,(anonymous_5)
FN:287,(anonymous_6)
FN:294,(anonymous_7)
FNF:8
FNH:7
FNDA:5,(anonymous_0)
FNDA:5,(anonymous_1)
FNDA:5,(anonymous_2)
FNDA:5,(anonymous_3)
FNDA:8,(anonymous_4)
FNDA:7,(anonymous_5)
FNDA:0,(anonymous_6)
FNDA:1,(anonymous_7)
DA:47,5
DA:48,5
DA:49,5
DA:50,5
DA:66,5
DA:67,5
DA:68,5
DA:69,5
DA:70,5
DA:118,5
DA:119,5
DA:120,5
DA:121,5
DA:122,5
DA:123,5
DA:124,5
DA:125,5
DA:126,5
DA:150,5
DA:151,5
DA:152,5
DA:153,5
DA:154,5
DA:155,5
DA:156,5
DA:157,5
DA:158,5
DA:159,5
DA:160,5
DA:161,5
DA:162,5
DA:163,5
DA:164,5
DA:165,5
DA:166,5
DA:167,5
DA:168,5
DA:169,5
DA:170,5
DA:171,5
DA:172,5
DA:173,5
DA:174,5
DA:175,5
DA:176,5
DA:177,5
DA:178,5
DA:179,5
DA:180,5
DA:181,5
DA:182,5
DA:183,5
DA:184,5
DA:185,5
DA:186,5
DA:187,5
DA:188,5
DA:189,5
DA:190,5
DA:191,5
DA:192,5
DA:193,5
DA:194,5
DA:195,5
DA:196,5
DA:197,5
DA:198,5
DA:199,5
DA:200,5
DA:201,5
DA:202,5
DA:203,5
DA:204,5
DA:205,5
DA:206,5
DA:207,5
DA:208,5
DA:209,5
DA:210,5
DA:211,5
DA:212,5
DA:213,5
DA:214,5
DA:215,5
DA:216,5
DA:217,5
DA:218,5
DA:219,5
DA:220,5
DA:221,5
DA:222,5
DA:223,5
DA:224,5
DA:225,5
DA:226,5
DA:227,5
DA:228,5
DA:229,5
DA:230,5
DA:231,5
DA:232,5
DA:233,5
DA:234,5
DA:235,5
DA:236,5
DA:237,5
DA:238,5
DA:239,5
DA:240,5
DA:241,5
DA:242,5
DA:243,5
DA:244,5
DA:245,5
DA:246,5
DA:247,5
DA:248,5
DA:249,5
DA:250,5
DA:251,5
DA:252,5
DA:253,5
DA:254,5
DA:255,5
DA:256,5
DA:257,5
DA:258,5
DA:259,5
DA:260,5
DA:261,5
DA:262,5
DA:263,5
DA:264,5
DA:265,5
DA:266,5
DA:267,5
DA:268,5
DA:269,5
DA:272,5
DA:273,8
DA:274,8
DA:275,8
DA:279,5
DA:281,7
DA:282,7
DA:286,5
DA:288,0
DA:289,0
DA:293,5
DA:295,1
DA:296,1
LF:151
LH:149
BRDA:47,0,0,5
BRDA:47,0,1,5
BRDA:66,1,0,5
BRDA:66,1,1,5
BRDA:118,2,0,5
BRDA:118,2,1,5
BRDA:150,3,0,5
BRDA:150,3,1,5
BRF:8
BRH:8
end_of_record
TN:
SF:src/utils/helpers.ts
FN:15,createClient
FN:22,discover
FN:32,connectToFirstDevice
FN:63,formatMacAddress
FN:76,parseVersion
FN:96,retryWithBackoff
FN:123,sleep
FN:124,(anonymous_8)
FN:130,timeout
FN:133,(anonymous_10)
FN:134,(anonymous_11)
FN:142,(anonymous_12)
FNF:12
FNH:12
FNDA:3,createClient
FNDA:5,discover
FNDA:3,connectToFirstDevice
FNDA:5,formatMacAddress
FNDA:7,parseVersion
FNDA:5,retryWithBackoff
FNDA:7,sleep
FNDA:7,(anonymous_8)
FNDA:5,timeout
FNDA:5,(anonymous_10)
FNDA:2,(anonymous_11)
FNDA:3,(anonymous_12)
DA:5,1
DA:6,1
DA:8,1
DA:10,1
DA:15,1
DA:16,3
DA:22,1
DA:23,5
DA:24,5
DA:25,5
DA:26,5
DA:32,1
DA:36,3
DA:38,3
DA:39,1
DA:40,1
DA:43,2
DA:44,2
DA:45,0
DA:48,2
DA:50,2
DA:56,2
DA:57,2
DA:63,1
DA:65,5
DA:68,5
DA:70,5
DA:76,1
DA:81,7
DA:82,7
DA:83,3
DA:86,4
DA:96,1
DA:103,5
DA:104,10
DA:105,10
DA:107,7
DA:109,7
DA:110,5
DA:111,5
DA:112,5
DA:117,2
DA:123,1
DA:124,7
DA:130,1
DA:133,5
DA:134,5
DA:135,2
DA:138,5
DA:141,5
DA:142,3
LF:51
LH:50
BRDA:22,0,0,1
BRDA:34,1,0,2
BRDA:38,2,0,1
BRDA:44,3,0,0
BRDA:68,4,0,5
BRDA:68,4,1,0
BRDA:82,5,0,3
BRDA:82,6,0,7
BRDA:82,6,1,4
BRDA:82,6,2,4
BRDA:82,6,3,4
BRDA:98,7,0,1
BRDA:99,8,0,1
BRDA:107,9,0,6
BRDA:107,9,1,1
BRDA:109,10,0,5
BRDA:117,11,0,2
BRDA:117,11,1,0
BRDA:135,12,0,2
BRDA:135,12,1,1
BRF:20
BRH:17
end_of_record
TN:
SF:src/utils/protocol.ts
FN:20,(anonymous_1)
FN:27,(anonymous_2)
FN:46,(anonymous_3)
FN:64,(anonymous_4)
FN:144,(anonymous_5)
FN:151,(anonymous_6)
FN:164,createPingRequest
FN:171,createPingResponse
FNF:8
FNH:6
FNDA:61,(anonymous_1)
FNDA:11,(anonymous_2)
FNDA:13,(anonymous_3)
FNDA:13,(anonymous_4)
FNDA:83,(anonymous_5)
FNDA:8,(anonymous_6)
FNDA:0,createPingRequest
FNDA:0,createPingResponse
DA:6,5
DA:7,5
DA:8,5
DA:10,5
DA:20,5
DA:21,61
DA:22,61
DA:28,11
DA:29,11
DA:32,11
DA:39,11
DA:40,11
DA:47,13
DA:48,13
DA:50,13
DA:51,13
DA:52,12
DA:53,7
DA:55,5
DA:58,12
DA:66,13
DA:67,0
DA:71,13
DA:73,2
DA:74,2
DA:76,1
DA:77,1
DA:78,1
DA:81,1
DA:82,1
DA:88,12
DA:89,12
DA:90,11
DA:93,1
DA:97,11
DA:98,1
DA:102,10
DA:103,10
DA:104,1
DA:110,9
DA:111,9
DA:112,8
DA:115,1
DA:119,8
DA:120,8
DA:123,8
DA:124,3
DA:128,5
DA:131,5
DA:133,5
DA:135,5
DA:145,83
DA:152,8
DA:164,5
DA:165,0
DA:171,5
DA:172,0
LF:57
LH:54
BRDA:52,0,0,7
BRDA:66,1,0,0
BRDA:71,2,0,2
BRDA:74,3,0,1
BRDA:90,4,0,11
BRDA:90,4,1,0
BRDA:97,5,0,1
BRDA:103,6,0,1
BRDA:112,7,0,8
BRDA:112,7,1,0
BRDA:123,8,0,3
BRF:11
BRH:8
end_of_record
